<?xml version="1.0" encoding="UTF-8" ?>
<testsuite errors="1" failures="0" hostname="NganBee" name="DatBanTestCase.Maintest" skipped="0" tests="1" time="0.111" timestamp="2019-11-19T18:40:45">
  <properties>
    <property name="libs.spring-framework300.classpath" value="F:\System\incubating-netbeans-11.0-bin\netbeans\ide\modules\org-apache-commons-logging.jar;F:\System\incubating-netbeans-11.0-bin\netbeans\java\modules\ext\cglib-2.2.jar;F:\System\incubating-netbeans-11.0-bin\netbeans\java\modules\ext\spring-3.0\spring-aop-3.2.7.RELEASE.jar;F:\System\incubating-netbeans-11.0-bin\netbeans\java\modules\ext\spring-3.0\spring-aspects-3.2.7.RELEASE.jar;F:\System\incubating-netbeans-11.0-bin\netbeans\java\modules\ext\spring-3.0\spring-beans-3.2.7.RELEASE.jar;F:\System\incubating-netbeans-11.0-bin\netbeans\java\modules\ext\spring-3.0\spring-build-src-3.2.7.RELEASE.jar;F:\System\incubating-netbeans-11.0-bin\netbeans\java\modules\ext\spring-3.0\spring-context-3.2.7.RELEASE.jar;F:\System\incubating-netbeans-11.0-bin\netbeans\java\modules\ext\spring-3.0\spring-context-support-3.2.7.RELEASE.jar;F:\System\incubating-netbeans-11.0-bin\netbeans\java\modules\ext\spring-3.0\spring-core-3.2.7.RELEASE.jar;F:\System\incubating-netbeans-11.0-bin\netbeans\java\modules\ext\spring-3.0\spring-expression-3.2.7.RELEASE.jar;F:\System\incubating-netbeans-11.0-bin\netbeans\java\modules\ext\spring-3.0\spring-framework-bom-3.2.7.RELEASE.jar;F:\System\incubating-netbeans-11.0-bin\netbeans\java\modules\ext\spring-3.0\spring-instrument-3.2.7.RELEASE.jar;F:\System\incubating-netbeans-11.0-bin\netbeans\java\modules\ext\spring-3.0\spring-instrument-tomcat-3.2.7.RELEASE.jar;F:\System\incubating-netbeans-11.0-bin\netbeans\java\modules\ext\spring-3.0\spring-jdbc-3.2.7.RELEASE.jar;F:\System\incubating-netbeans-11.0-bin\netbeans\java\modules\ext\spring-3.0\spring-jms-3.2.7.RELEASE.jar;F:\System\incubating-netbeans-11.0-bin\netbeans\java\modules\ext\spring-3.0\spring-orm-3.2.7.RELEASE.jar;F:\System\incubating-netbeans-11.0-bin\netbeans\java\modules\ext\spring-3.0\spring-oxm-3.2.7.RELEASE.jar;F:\System\incubating-netbeans-11.0-bin\netbeans\java\modules\ext\spring-3.0\spring-struts-3.2.7.RELEASE.jar;F:\System\incubating-netbeans-11.0-bin\netbeans\java\modules\ext\spring-3.0\spring-test-3.2.7.RELEASE.jar;F:\System\incubating-netbeans-11.0-bin\netbeans\java\modules\ext\spring-3.0\spring-tx-3.2.7.RELEASE.jar;F:\System\incubating-netbeans-11.0-bin\netbeans\java\modules\ext\spring-3.0\spring-web-3.2.7.RELEASE.jar;F:\System\incubating-netbeans-11.0-bin\netbeans\java\modules\ext\spring-3.0\spring-webmvc-3.2.7.RELEASE.jar;F:\System\incubating-netbeans-11.0-bin\netbeans\java\modules\ext\spring-3.0\spring-webmvc-portlet-3.2.7.RELEASE.jar" />
    <property name="javac.test.classpath" value="D:\Hoang Long\mssql-jdbc-7.4.1.jre8.jar:D:\Hoang Long\sqljdbc4-2.0.jar:D:\Hoang Long\sqljdbc4-2.0.jar:mssql-jdbc-7.4.1.jre8.jar:build/classes:libs\junit-4.13-rc-1.jar:F:\System\incubating-netbeans-11.0-bin\netbeans\platform\modules\ext\junit-4.12.jar" />
    <property name="java.specification.version" value="12" />
    <property name="jar.index.metainf" value="false" />
    <property name="jnlp.signing.keystore" value="" />
    <property name="libs.spring-framework400.classpath" value="F:\System\incubating-netbeans-11.0-bin\netbeans\ide\modules\org-apache-commons-logging.jar;F:\System\incubating-netbeans-11.0-bin\netbeans\java\modules\ext\cglib-2.2.jar;F:\System\incubating-netbeans-11.0-bin\netbeans\java\modules\ext\spring-4\spring-aop-4.0.1.RELEASE.jar;F:\System\incubating-netbeans-11.0-bin\netbeans\java\modules\ext\spring-4\spring-aspects-4.0.1.RELEASE.jar;F:\System\incubating-netbeans-11.0-bin\netbeans\java\modules\ext\spring-4\spring-beans-4.0.1.RELEASE.jar;F:\System\incubating-netbeans-11.0-bin\netbeans\java\modules\ext\spring-4\spring-build-src-4.0.1.RELEASE.jar;F:\System\incubating-netbeans-11.0-bin\netbeans\java\modules\ext\spring-4\spring-context-4.0.1.RELEASE.jar;F:\System\incubating-netbeans-11.0-bin\netbeans\java\modules\ext\spring-4\spring-context-support-4.0.1.RELEASE.jar;F:\System\incubating-netbeans-11.0-bin\netbeans\java\modules\ext\spring-4\spring-core-4.0.1.RELEASE.jar;F:\System\incubating-netbeans-11.0-bin\netbeans\java\modules\ext\spring-4\spring-expression-4.0.1.RELEASE.jar;F:\System\incubating-netbeans-11.0-bin\netbeans\java\modules\ext\spring-4\spring-framework-bom-4.0.1.RELEASE.jar;F:\System\incubating-netbeans-11.0-bin\netbeans\java\modules\ext\spring-4\spring-instrument-4.0.1.RELEASE.jar;F:\System\incubating-netbeans-11.0-bin\netbeans\java\modules\ext\spring-4\spring-instrument-tomcat-4.0.1.RELEASE.jar;F:\System\incubating-netbeans-11.0-bin\netbeans\java\modules\ext\spring-4\spring-jdbc-4.0.1.RELEASE.jar;F:\System\incubating-netbeans-11.0-bin\netbeans\java\modules\ext\spring-4\spring-jms-4.0.1.RELEASE.jar;F:\System\incubating-netbeans-11.0-bin\netbeans\java\modules\ext\spring-4\spring-messaging-4.0.1.RELEASE.jar;F:\System\incubating-netbeans-11.0-bin\netbeans\java\modules\ext\spring-4\spring-orm-4.0.1.RELEASE.jar;F:\System\incubating-netbeans-11.0-bin\netbeans\java\modules\ext\spring-4\spring-oxm-4.0.1.RELEASE.jar;F:\System\incubating-netbeans-11.0-bin\netbeans\java\modules\ext\spring-4\spring-test-4.0.1.RELEASE.jar;F:\System\incubating-netbeans-11.0-bin\netbeans\java\modules\ext\spring-4\spring-tx-4.0.1.RELEASE.jar;F:\System\incubating-netbeans-11.0-bin\netbeans\java\modules\ext\spring-4\spring-web-4.0.1.RELEASE.jar;F:\System\incubating-netbeans-11.0-bin\netbeans\java\modules\ext\spring-4\spring-webmvc-4.0.1.RELEASE.jar;F:\System\incubating-netbeans-11.0-bin\netbeans\java\modules\ext\spring-4\spring-webmvc-portlet-4.0.1.RELEASE.jar;F:\System\incubating-netbeans-11.0-bin\netbeans\java\modules\ext\spring-4\spring-websocket-4.0.1.RELEASE.jar" />
    <property name="libs.spring-webmvc4.0.javadoc" value="" />
    <property name="test.binaryincludes" value="&lt;nothing&gt;" />
    <property name="do.jlink" value="false" />
    <property name="debug-transport" value="dt_shmem" />
    <property name="java.vendor.url" value="https://java.oracle.com/" />
    <property name="debug.modulepath" value="" />
    <property name="libs.jsp-compilation.src" value="" />
    <property name="libs.eclipselink.javadoc" value="" />
    <property name="libs.JWSAntTasks.javadoc" value="" />
    <property name="sun.boot.library.path" value="C:\Program Files\Java\jdk-12.0.1\bin" />
    <property name="sun.java.command" value="org.apache.tools.ant.taskdefs.optional.junit.JUnitTestRunner DatBanTestCase.Maintest skipNonTests=false filtertrace=true haltOnError=false haltOnFailure=false showoutput=true outputtoformatters=true logfailedtests=true threadid=0 logtestlistenerevents=true formatter=org.apache.tools.ant.taskdefs.optional.junit.BriefJUnitResultFormatter formatter=org.apache.tools.ant.taskdefs.optional.junit.XMLJUnitResultFormatter,D:\Project\ManangerCoffeeShop\build\test\results\TEST-DatBanTestCase.Maintest.xml crashfile=D:\Project\ManangerCoffeeShop\build\junitvmwatcher12608585059929211820.properties propsfile=D:\Project\ManangerCoffeeShop\build\junit14095796620387535405.properties" />
    <property name="jdk.debug" value="release" />
    <property name="libs.spring-framework300.src" value="" />
    <property name="javadoc.use" value="true" />
    <property name="libs.javac-api.maven-pom" value="" />
    <property name="javadoc.notree" value="false" />
    <property name="basedir" value="D:\Project\ManangerCoffeeShop" />
    <property name="application.vendor" value="thang" />
    <property name="java.vm.specification.vendor" value="Oracle Corporation" />
    <property name="java.specification.name" value="Java Platform API Specification" />
    <property name="libs.javac-api.javadoc" value="" />
    <property name="libs.jsf20.classpath" value="F:\System\incubating-netbeans-11.0-bin\netbeans\enterprise\modules\ext\jsf-2_2\javax.faces.jar" />
    <property name="netbeans.extbrowser.manual_chrome_plugin_install" value="yes" />
    <property name="netbeans.default_userdir_root" value="C:\Users\thang\AppData\Roaming\NetBeans" />
    <property name="libs.jsp-compilation-syscp.src" value="" />
    <property name="jdk.home" value="C:\Program Files\Java\jdk-12.0.1" />
    <property name="java.runtime.version" value="12.0.1+12" />
    <property name="libs.eclipselink.maven-pom" value="" />
    <property name="libs.metro.maven-pom" value="" />
    <property name="libs.JAXB-ENDORSED.javadoc" value="" />
    <property name="org.openide.awt.SwingBrowserImpl.do-not-block-awt" value="false" />
    <property name="sun.java2d.noddraw" value="true" />
    <property name="sun.zip.disableMemoryMapping" value="true" />
    <property name="libs.maven-dependencies.maven-pom" value="" />
    <property name="libs.jsp-compilation.javadoc" value="" />
    <property name="libs.jsf12.src" value="" />
    <property name="libs.primefaces.javadoc" value="" />
    <property name="libs.groovy-all.maven-pom" value="" />
    <property name="libs.restapi.src" value="" />
    <property name="libs.junit_5.javadoc" value="F:\System\incubating-netbeans-11.0-bin\netbeans\platform\docs\junit-jupiter-api-5.3.1-javadoc.jar;F:\System\incubating-netbeans-11.0-bin\netbeans\platform\docs\junit-jupiter-params-5.3.1-javadoc.jar;F:\System\incubating-netbeans-11.0-bin\netbeans\platform\docs\junit-jupiter-engine-5.3.1-javadoc.jar" />
    <property name="jnlp.enabled" value="false" />
    <property name="dist.archive.excludes" value="" />
    <property name="java.io.tmpdir" value="C:\Users\thang\AppData\Local\Temp\" />
    <property name="java.version" value="12.0.1" />
    <property name="java.vm.specification.name" value="Java Virtual Machine Specification" />
    <property name="libs.hamcrest.src" value="" />
    <property name="java.library.path" value="C:\Program Files\Java\jdk-12.0.1\bin;C:\WINDOWS\Sun\Java\bin;C:\WINDOWS\system32;C:\WINDOWS;C:\Program Files\Common Files\Microsoft Shared\Microsoft Online Services;C:\Program Files (x86)\Common Files\Microsoft Shared\Microsoft Online Services;C:\Program Files\Microsoft MPI\Bin\;%GIT%\bin;C:\Python27\;C:\Python27\Scripts;C:\Program Files\Java\jdk-12.0.1\bin;C:\Program Files (x86)\Common Files\Oracle\Java\javapath;C:\Program Files\Apache Software Foundation\apache-maven-3.6.2\bin;C:\WINDOWS\system32;C:\WINDOWS;C:\WINDOWS\System32\Wbem;C:\WINDOWS\System32\WindowsPowerShell\v1.0\;C:\WINDOWS\System32\OpenSSH\;C:\Program Files\dotnet\;C:\Program Files\Microsoft SQL Server\130\Tools\Binn\;C:\Program Files\Microsoft SQL Server\Client SDK\ODBC\170\Tools\Binn\;C:\Program Files\MySQL\MySQL Utilities 1.6\;C:\Windows\System32\cmd.exe;C:\ProgramData\chocolatey\bin;C:\Program Files\nodejs\;C:\Program Files (x86)\Microsoft SQL Server\140\DTS\Binn\;C:\Program Files\Microsoft SQL Server\140\DTS\Binn\;C:\Program Files\Microsoft SQL Server\Client SDK\ODBC\130\Tools\Binn\;C:\Program Files (x86)\Microsoft SQL Server\140\Tools\Binn\;C:\Program Files\Microsoft SQL Server\140\Tools\Binn\;C:\Program Files (x86)\Microsoft SQL Server\Client SDK\ODBC\130\Tools\Binn\;C:\Program Files (x86)\Microsoft SQL Server\140\Tools\Binn\ManagementStudio\;C:\Program Files\Microsoft SQL Server\120\Tools\Binn\;C:\Users\thang\AppData\Local\Programs\Python\Python38-32\Scripts\;C:\Users\thang\AppData\Local\Programs\Python\Python38-32\;C:\Users\thang\AppData\Local\Microsoft\WindowsApps;C:\Users\thang\AppData\Roaming\npm;C:\Users\thang\AppData\Local\Programs\Microsoft VS Code\bin;C:\Users\thang\.dotnet\tools;." />
    <property name="java.vendor" value="Oracle Corporation" />
    <property name="libs.testng.javadoc" value="F:\System\incubating-netbeans-11.0-bin\netbeans\platform\docs\testng-6.8.1-javadoc.zip" />
    <property name="libs.groovy-all.src" value="" />
    <property name="meta.inf.dir" value="src/META-INF" />
    <property name="run.upgrademodulepath" value="" />
    <property name="compile.on.save" value="true" />
    <property name="libs.testng.maven-pom" value="" />
    <property name="org.openide.version" value="deprecated" />
    <property name="test.includes" value="DatBanTestCase/Maintest.java" />
    <property name="run.classpath" value="D:\Hoang Long\mssql-jdbc-7.4.1.jre8.jar:D:\Hoang Long\sqljdbc4-2.0.jar:D:\Hoang Long\sqljdbc4-2.0.jar:mssql-jdbc-7.4.1.jre8.jar:build/classes" />
    <property name="libs.jaxb.src" value="" />
    <property name="test.src.dir" value="test" />
    <property name="sun.awt.enableExtraMouseButtons" value="true" />
    <property name="org.openide.major.version" value="IDE/1" />
    <property name="libs.spring-framework300.javadoc" value="" />
    <property name="ap.proc.none.internal" value="" />
    <property name="org.openide.specification.version" value="6.2" />
    <property name="user.timezone" value="Asia/Saigon" />
    <property name="jar.index" value="false" />
    <property name="libs.jpa20-persistence.classpath" value="F:\System\incubating-netbeans-11.0-bin\netbeans\java\modules\ext\eclipselink\javax.persistence-2.1.0.jar" />
    <property name="java.vm.specification.version" value="12" />
    <property name="libs.eclipselinkmodelgen.javadoc" value="" />
    <property name="libs.junit_5.classpath" value="F:\System\incubating-netbeans-11.0-bin\netbeans\platform\modules\ext\junit-jupiter-api-5.3.1.jar;F:\System\incubating-netbeans-11.0-bin\netbeans\platform\modules\ext\junit-jupiter-params-5.3.1.jar;F:\System\incubating-netbeans-11.0-bin\netbeans\platform\modules\ext\junit-jupiter-engine-5.3.1.jar" />
    <property name="javadoc.noindex" value="false" />
    <property name="javadoc.private" value="false" />
    <property name="libs.spring-webmvc4.0.maven-pom" value="" />
    <property name="libs.JAXB-ENDORSED.maven-pom" value="" />
    <property name="user.home" value="C:\Users\thang" />
    <property name="libs.eclipselinkmodelgen.maven-pom" value="" />
    <property name="have.sources" value="true" />
    <property name="annotation.processing.processors.list" value="" />
    <property name="jlink.launcher" value="false" />
    <property name="javac.deprecation" value="false" />
    <property name="manifest.custom.caller.allowable.codebase" value="" />
    <property name="build.generated.sources.dir" value="build/generated-sources" />
    <property name="plugin.manager.check.updates" value="false" />
    <property name="netbeans.autoupdate.language" value="en" />
    <property name="libs.eclipselinkmodelgen.src" value="" />
    <property name="build.compiler.emacs" value="true" />
    <property name="build.classes.excludes" value="**/*.java,**/*.form" />
    <property name="dist.jar" value="dist/QuanLiCafe.jar" />
    <property name="libs.spring-webmvc4.0.classpath" value="F:\System\incubating-netbeans-11.0-bin\netbeans\java\modules\ext\spring-4\spring-webmvc-4.0.1.RELEASE.jar" />
    <property name="modules.supported.internal" value="true" />
    <property name="file.reference.mssql-jdbc-7.4.1.jre12.jar" value="D:\Hoang Long\mssql-jdbc-7.4.1.jre8.jar" />
    <property name="libs.javaee-endorsed-api-7.0.javadoc" value="F:\System\incubating-netbeans-11.0-bin\netbeans\enterprise\docs\javaee-doc-api.jar" />
    <property name="os.version" value="10.0" />
    <property name="netbeans.home" value="F:\System\incubating-netbeans-11.0-bin\netbeans\platform" />
    <property name="libs.CopyLibs.javadoc" value="" />
    <property name="debug-transport-by-os" value="dt_shmem" />
    <property name="libs.jsf20.src" value="" />
    <property name="java.vm.name" value="Java HotSpot(TM) 64-Bit Server VM" />
    <property name="unnamed.module.internal" value="true" />
    <property name="libs.jstl.javadoc" value="F:\System\incubating-netbeans-11.0-bin\netbeans\enterprise\docs\javaee-doc-api.jar" />
    <property name="libs.javaee-endorsed-api-7.0.maven-pom" value="" />
    <property name="libs.jaxws21.classpath" value="F:\System\incubating-netbeans-11.0-bin\netbeans\java\modules\ext\jaxws22\FastInfoset.jar;F:\System\incubating-netbeans-11.0-bin\netbeans\java\modules\ext\jaxws22\gmbal-api-only.jar;F:\System\incubating-netbeans-11.0-bin\netbeans\java\modules\ext\jaxws22\ha-api.jar;F:\System\incubating-netbeans-11.0-bin\netbeans\java\modules\ext\jaxws22\javax.mail_1.4.jar;F:\System\incubating-netbeans-11.0-bin\netbeans\java\modules\ext\jaxws22\jaxws-rt.jar;F:\System\incubating-netbeans-11.0-bin\netbeans\java\modules\ext\jaxws22\jaxws-tools.jar;F:\System\incubating-netbeans-11.0-bin\netbeans\java\modules\ext\jaxws22\management-api.jar;F:\System\incubating-netbeans-11.0-bin\netbeans\java\modules\ext\jaxws22\mimepull.jar;F:\System\incubating-netbeans-11.0-bin\netbeans\java\modules\ext\jaxws22\policy.jar;F:\System\incubating-netbeans-11.0-bin\netbeans\java\modules\ext\jaxws22\saaj-impl.jar;F:\System\incubating-netbeans-11.0-bin\netbeans\java\modules\ext\jaxws22\stax-ex.jar;F:\System\incubating-netbeans-11.0-bin\netbeans\java\modules\ext\jaxws22\stax2-api.jar;F:\System\incubating-netbeans-11.0-bin\netbeans\java\modules\ext\jaxws22\streambuffer.jar;F:\System\incubating-netbeans-11.0-bin\netbeans\java\modules\ext\jaxws22\woodstox-core-asl.jar;F:\System\incubating-netbeans-11.0-bin\netbeans\java\modules\ext\jaxws22\api\jaxws-api.jar;F:\System\incubating-netbeans-11.0-bin\netbeans\java\modules\ext\jaxws22\api\jsr181-api.jar;F:\System\incubating-netbeans-11.0-bin\netbeans\java\modules\ext\jaxws22\api\javax.annotation.jar;F:\System\incubating-netbeans-11.0-bin\netbeans\java\modules\ext\jaxws22\api\saaj-api.jar;F:\System\incubating-netbeans-11.0-bin\netbeans\ide\modules\ext\jaxb\activation.jar;F:\System\incubating-netbeans-11.0-bin\netbeans\ide\modules\ext\jaxb\api\jaxb-api.jar" />
    <property name="libs.restapi.classpath" value="F:\System\incubating-netbeans-11.0-bin\netbeans\enterprise\modules\ext\jaxrs-2.0\javax.ws.rs-api-2.0.jar" />
    <property name="os.arch" value="amd64" />
    <property name="build.generated.dir" value="build/generated" />
    <property name="libs.groovy-all.javadoc" value="" />
    <property name="libs.javaee-web-api-7.0.javadoc" value="F:\System\incubating-netbeans-11.0-bin\netbeans\enterprise\docs\javaee-doc-api.jar" />
    <property name="jnlp.descriptor" value="application" />
    <property name="libs.jsf12.maven-pom" value="" />
    <property name="libs.javaee-endorsed-api-7.0.classpath" value="F:\System\incubating-netbeans-11.0-bin\netbeans\enterprise\modules\ext\javaee7-endorsed\javax.annotation-api.jar;F:\System\incubating-netbeans-11.0-bin\netbeans\enterprise\modules\ext\javaee7-endorsed\javax.xml.soap-api.jar;F:\System\incubating-netbeans-11.0-bin\netbeans\enterprise\modules\ext\javaee7-endorsed\jaxb-api-osgi.jar;F:\System\incubating-netbeans-11.0-bin\netbeans\enterprise\modules\ext\javaee7-endorsed\jaxws-api.jar;F:\System\incubating-netbeans-11.0-bin\netbeans\enterprise\modules\ext\javaee7-endorsed\jsr181-api.jar" />
    <property name="libs.primefaces.maven-pom" value="" />
    <property name="org.netbeans.io.suspend" value="0" />
    <property name="awt.toolkit" value="sun.awt.windows.WToolkit" />
    <property name="ant.project.name" value="QuanLiCafe" />
    <property name="dist.javadoc.dir" value="dist/javadoc" />
    <property name="default.javac.target" value="12" />
    <property name="javac.fork" value="true" />
    <property name="libs.eclipselink.classpath" value="F:\System\incubating-netbeans-11.0-bin\netbeans\java\modules\ext\eclipselink\org.eclipse.persistence.core-2.5.2.jar;F:\System\incubating-netbeans-11.0-bin\netbeans\java\modules\ext\eclipselink\org.eclipse.persistence.asm-2.5.2.jar;F:\System\incubating-netbeans-11.0-bin\netbeans\java\modules\ext\eclipselink\org.eclipse.persistence.antlr-2.5.2.jar;F:\System\incubating-netbeans-11.0-bin\netbeans\java\modules\ext\eclipselink\org.eclipse.persistence.jpa-2.5.2.jar;F:\System\incubating-netbeans-11.0-bin\netbeans\java\modules\ext\eclipselink\org.eclipse.persistence.jpa.jpql-2.5.2.jar;F:\System\incubating-netbeans-11.0-bin\netbeans\java\modules\ext\eclipselink\javax.persistence-2.1.0.jar" />
    <property name="libs.javac-api.classpath" value="" />
    <property name="libs.struts.classpath" value="F:\System\incubating-netbeans-11.0-bin\netbeans\enterprise\modules\ext\struts\antlr-2.7.2.jar;F:\System\incubating-netbeans-11.0-bin\netbeans\enterprise\modules\ext\struts\bsf-2.3.0.jar;F:\System\incubating-netbeans-11.0-bin\netbeans\enterprise\modules\ext\struts\commons-beanutils-1.8.0.jar;F:\System\incubating-netbeans-11.0-bin\netbeans\enterprise\modules\ext\struts\commons-chain-1.2.jar;F:\System\incubating-netbeans-11.0-bin\netbeans\enterprise\modules\ext\struts\commons-digester-1.8.jar;F:\System\incubating-netbeans-11.0-bin\netbeans\enterprise\modules\ext\struts\commons-fileupload-1.1.1.jar;F:\System\incubating-netbeans-11.0-bin\netbeans\enterprise\modules\ext\struts\commons-io-1.1.jar;F:\System\incubating-netbeans-11.0-bin\netbeans\enterprise\modules\ext\struts\commons-logging-1.0.4.jar;F:\System\incubating-netbeans-11.0-bin\netbeans\enterprise\modules\ext\struts\commons-validator-1.3.1.jar;F:\System\incubating-netbeans-11.0-bin\netbeans\enterprise\modules\ext\struts\jstl-1.0.2.jar;F:\System\incubating-netbeans-11.0-bin\netbeans\enterprise\modules\ext\struts\oro-2.0.8.jar;F:\System\incubating-netbeans-11.0-bin\netbeans\enterprise\modules\ext\struts\standard-1.0.6.jar;F:\System\incubating-netbeans-11.0-bin\netbeans\enterprise\modules\ext\struts\struts-core-1.3.10.jar;F:\System\incubating-netbeans-11.0-bin\netbeans\enterprise\modules\ext\struts\struts-el-1.3.10.jar;F:\System\incubating-netbeans-11.0-bin\netbeans\enterprise\modules\ext\struts\struts-extras-1.3.10.jar;F:\System\incubating-netbeans-11.0-bin\netbeans\enterprise\modules\ext\struts\struts-faces-1.3.10.jar;F:\System\incubating-netbeans-11.0-bin\netbeans\enterprise\modules\ext\struts\struts-mailreader-dao-1.3.10.jar;F:\System\incubating-netbeans-11.0-bin\netbeans\enterprise\modules\ext\struts\struts-scripting-1.3.10.jar;F:\System\incubating-netbeans-11.0-bin\netbeans\enterprise\modules\ext\struts\struts-taglib-1.3.10.jar;F:\System\incubating-netbeans-11.0-bin\netbeans\enterprise\modules\ext\struts\struts-tiles-1.3.10.jar" />
    <property name="libs.PostgreSQLDriver.maven-pom" value="" />
    <property name="libs.absolutelayout.src" value="" />
    <property name="testng.mode" value="testng" />
    <property name="annotation.processing.enabled.in.editor" value="false" />
    <property name="java.vm.compressedOopsMode" value="32-bit" />
    <property name="netbeans.productversion" value="Apache NetBeans IDE 11.0 (Build incubator-netbeans-release-404-on-20190319)" />
    <property name="mkdist.disabled" value="false" />
    <property name="libs.javaee-web-api-6.0.javadoc" value="F:\System\incubating-netbeans-11.0-bin\netbeans\enterprise\docs\javaee-doc-api.jar" />
    <property name="file.reference.junit-4.13-rc-1.jar" value="libs\junit-4.13-rc-1.jar" />
    <property name="libs.groovy-all.classpath" value="F:\System\incubating-netbeans-11.0-bin\netbeans\groovy\modules\ext\groovy.jar;F:\System\incubating-netbeans-11.0-bin\netbeans\groovy\modules\ext\groovy-ant.jar" />
    <property name="libs.javaee-api-7.0.maven-pom" value="" />
    <property name="libs.absolutelayout.javadoc" value="" />
    <property name="module.build.classes.dir" value="build/classes" />
    <property name="annotation.processing.processor.options" value="" />
    <property name="libs.jaxb.maven-pom" value="" />
    <property name="libs.javaee-api-6.0.maven-pom" value="" />
    <property name="dist.dir" value="dist" />
    <property name="build.dir" value="build" />
    <property name="netbeans.autoupdate.variant" value="" />
    <property name="javadoc.version" value="false" />
    <property name="libs.metro.src" value="" />
    <property name="libs.metro.classpath" value="F:\System\incubating-netbeans-11.0-bin\netbeans\ide\modules\ext\jaxb\activation.jar;F:\System\incubating-netbeans-11.0-bin\netbeans\enterprise\modules\ext\metro\webservices-api.jar;F:\System\incubating-netbeans-11.0-bin\netbeans\enterprise\modules\ext\metro\webservices-extra-api.jar;F:\System\incubating-netbeans-11.0-bin\netbeans\enterprise\modules\ext\metro\webservices-extra.jar;F:\System\incubating-netbeans-11.0-bin\netbeans\enterprise\modules\ext\metro\webservices-rt.jar;F:\System\incubating-netbeans-11.0-bin\netbeans\enterprise\modules\ext\metro\webservices-tools.jar" />
    <property name="libs.CopyLibs.classpath" value="F:\System\incubating-netbeans-11.0-bin\netbeans\java\ant\extra\org-netbeans-modules-java-j2seproject-copylibstask.jar" />
    <property name="sun.os.patch.level" value="" />
    <property name="javadoc.html5" value="false" />
    <property name="javac.test.processorpath" value="D:\Hoang Long\mssql-jdbc-7.4.1.jre8.jar:D:\Hoang Long\sqljdbc4-2.0.jar:D:\Hoang Long\sqljdbc4-2.0.jar:mssql-jdbc-7.4.1.jre8.jar:build/classes:libs\junit-4.13-rc-1.jar:F:\System\incubating-netbeans-11.0-bin\netbeans\platform\modules\ext\junit-4.12.jar" />
    <property name="libs.javaee-web-api-7.0.maven-pom" value="" />
    <property name="netbeans.dirs" value="F:\System\incubating-netbeans-11.0-bin\netbeans\nb;F:\System\incubating-netbeans-11.0-bin\netbeans\ergonomics;F:\System\incubating-netbeans-11.0-bin\netbeans\ide;F:\System\incubating-netbeans-11.0-bin\netbeans\extide;F:\System\incubating-netbeans-11.0-bin\netbeans\java;F:\System\incubating-netbeans-11.0-bin\netbeans\apisupport;F:\System\incubating-netbeans-11.0-bin\netbeans\webcommon;F:\System\incubating-netbeans-11.0-bin\netbeans\websvccommon;F:\System\incubating-netbeans-11.0-bin\netbeans\enterprise;F:\System\incubating-netbeans-11.0-bin\netbeans\mobility;F:\System\incubating-netbeans-11.0-bin\netbeans\profiler;F:\System\incubating-netbeans-11.0-bin\netbeans\python;F:\System\incubating-netbeans-11.0-bin\netbeans\php;F:\System\incubating-netbeans-11.0-bin\netbeans\identity;F:\System\incubating-netbeans-11.0-bin\netbeans\harness;F:\System\incubating-netbeans-11.0-bin\netbeans\cnd;F:\System\incubating-netbeans-11.0-bin\netbeans\cndext;F:\System\incubating-netbeans-11.0-bin\netbeans\dlight;F:\System\incubating-netbeans-11.0-bin\netbeans\groovy;F:\System\incubating-netbeans-11.0-bin\netbeans\extra;F:\System\incubating-netbeans-11.0-bin\netbeans\javacard;F:\System\incubating-netbeans-11.0-bin\netbeans\javafx" />
    <property name="libs.hamcrest.maven-pom" value="" />
    <property name="javac.processorpath" value="D:\Hoang Long\mssql-jdbc-7.4.1.jre8.jar:D:\Hoang Long\sqljdbc4-2.0.jar:D:\Hoang Long\sqljdbc4-2.0.jar:mssql-jdbc-7.4.1.jre8.jar" />
    <property name="libs.javaee-api-6.0.javadoc" value="F:\System\incubating-netbeans-11.0-bin\netbeans\enterprise\docs\javaee-doc-api.jar" />
    <property name="libs.JWSAntTasks.maven-pom" value="" />
    <property name="javac.upgrademodulepath" value="" />
    <property name="run.modulepath" value="" />
    <property name="jnlp.codebase.type" value="no.codebase" />
    <property name="do.archive+manifest.available" value="true" />
    <property name="apple.laf.useScreenMenuBar" value="true" />
    <property name="user.country" value="AU" />
    <property name="sun.java.launcher" value="SUN_STANDARD" />
    <property name="libs.jpa20-persistence.src" value="" />
    <property name="libs.restapi.javadoc" value="" />
    <property name="endorsed.classpath" value="" />
    <property name="javac.test.sourcepath" value="D:\Project\ManangerCoffeeShop\build\empty" />
    <property name="libs.spring-webmvc3.0.maven-pom" value="" />
    <property name="includes" value="**" />
    <property name="libs.jsf12.javadoc" value="F:\System\incubating-netbeans-11.0-bin\netbeans\enterprise\docs\javaee-doc-api.jar" />
    <property name="libs.hamcrest.classpath" value="F:\System\incubating-netbeans-11.0-bin\netbeans\platform\modules\ext\hamcrest-core-1.3.jar" />
    <property name="javadoc.splitindex" value="true" />
    <property name="libs.JWSAntTasks.classpath" value="F:\System\incubating-netbeans-11.0-bin\netbeans\java\ant\extra\org-netbeans-modules-javawebstart-anttasks.jar" />
    <property name="junit.available" value="true" />
    <property name="manifest.custom.application.library.allowable.codebase" value="" />
    <property name="javac.processormodulepath" value="" />
    <property name="javadoc.encoding" value="UTF-8" />
    <property name="netbeans.hash.code" value="unique=0d09eaddc-4716-4a75-8a36-3751918016df_a479c137-5156-49f6-a37a-7eebb0c0cef9" />
    <property name="libs.jsp-compilation-syscp.maven-pom" value="" />
    <property name="libs.jstl.src" value="" />
    <property name="jlink.strip" value="false" />
    <property name="libs.spring-webmvc3.0.classpath" value="F:\System\incubating-netbeans-11.0-bin\netbeans\java\modules\ext\spring-3.0\spring-webmvc-3.2.7.RELEASE.jar" />
    <property name="java.runtime.name" value="Java(TM) SE Runtime Environment" />
    <property name="manifest.available" value="true" />
    <property name="libs.jaxb.javadoc" value="F:\System\incubating-netbeans-11.0-bin\netbeans\ide\docs\jaxb-api-2.2.5-javadoc.jar" />
    <property name="run.jvmargs.ide" value="" />
    <property name="ant.core.lib" value="F:\System\incubating-netbeans-11.0-bin\netbeans\extide\ant\lib\ant.jar" />
    <property name="libs.jsp-compilation.maven-pom" value="" />
    <property name="netbeans.logger.console" value="true" />
    <property name="javac.profile.cmd.line.arg" value="" />
    <property name="application.title" value="QuanLiCafe" />
    <property name="do.archive+main.class.available" value="true" />
    <property name="ignore.failing.tests" value="true" />
    <property name="javac.test.modulepath" value="" />
    <property name="libs.PostgreSQLDriver.javadoc" value="" />
    <property name="libs.jsp-compilation-syscp.classpath" value="F:\System\incubating-netbeans-11.0-bin\netbeans\extide\ant\lib\ant.jar;F:\System\incubating-netbeans-11.0-bin\netbeans\enterprise\modules\ext\servlet3.1-jsp2.3-api.jar;F:\System\incubating-netbeans-11.0-bin\netbeans\enterprise\modules\ext\glassfish-jspparser-4.0.jar;F:\System\incubating-netbeans-11.0-bin\netbeans\enterprise\modules\ext\jstl-impl.jar;F:\System\incubating-netbeans-11.0-bin\netbeans\enterprise\modules\ext\jsf-2_2\javax.faces.jar" />
    <property name="libs.jsp-compilation.classpath" value="F:\System\incubating-netbeans-11.0-bin\netbeans\extide\ant\lib\ant.jar;F:\System\incubating-netbeans-11.0-bin\netbeans\enterprise\modules\ext\servlet3.1-jsp2.3-api.jar;F:\System\incubating-netbeans-11.0-bin\netbeans\enterprise\modules\ext\glassfish-jspparser-4.0.jar;F:\System\incubating-netbeans-11.0-bin\netbeans\enterprise\modules\ext\jsf-2_2\javax.faces.jar;F:\System\incubating-netbeans-11.0-bin\netbeans\enterprise\modules\ext\jstl-api.jar;F:\System\incubating-netbeans-11.0-bin\netbeans\extide\ant\lib\ant-launcher.jar" />
    <property name="libs.javaee-api-6.0.classpath" value="F:\System\incubating-netbeans-11.0-bin\netbeans\enterprise\modules\ext\javaee-api-6.0.jar" />
    <property name="javac.includesfile.binary" value="D:\Project\ManangerCoffeeShop\null2074110535" />
    <property name="libs.javaee-api-7.0.classpath" value="F:\System\incubating-netbeans-11.0-bin\netbeans\enterprise\modules\ext\javaee-api-7.0.jar" />
    <property name="sun.cpu.isalist" value="amd64" />
    <property name="libs.restapi.maven-pom" value="" />
    <property name="javadoc.preview" value="true" />
    <property name="do.depend" value="false" />
    <property name="jnlp.signing.alias" value="" />
    <property name="sun.arch.data.model" value="64" />
    <property name="nb.show.statistics.ui" value="usageStatisticsEnabled" />
    <property name="libs.javaee-endorsed-api-7.0.src" value="" />
    <property name="annotation.processing.enabled" value="true" />
    <property name="libs.junit_5.src" value="F:\System\incubating-netbeans-11.0-bin\netbeans\platform\docs\junit-jupiter-api-5.3.1-sources.jar;F:\System\incubating-netbeans-11.0-bin\netbeans\platform\docs\junit-jupiter-params-5.3.1-sources.jar;F:\System\incubating-netbeans-11.0-bin\netbeans\platform\docs\junit-jupiter-engine-5.3.1-sources.jar" />
    <property name="libs.jaxb.classpath" value="F:\System\incubating-netbeans-11.0-bin\netbeans\ide\modules\ext\jaxb\jaxb-impl-2.2.5-2.jar;F:\System\incubating-netbeans-11.0-bin\netbeans\ide\modules\ext\jaxb\jaxb-xjc-2.2.5-2.jar;F:\System\incubating-netbeans-11.0-bin\netbeans\ide\modules\ext\jaxb\jaxb1-impl-2.2.5-2.jar;F:\System\incubating-netbeans-11.0-bin\netbeans\ide\modules\ext\jaxb\activation.jar;F:\System\incubating-netbeans-11.0-bin\netbeans\ide\modules\ext\jaxb\api\jaxb-api.jar" />
    <property name="auxiliary.org-netbeans-spi-editor-hints-projects.perProjectHintSettingsFile" value="nbproject/cfg_hints.xml" />
    <property name="libs.CopyLibs.src" value="" />
    <property name="java.specification.vendor" value="Oracle Corporation" />
    <property name="javac.source" value="12" />
    <property name="java.version.date" value="2019-04-16" />
    <property name="java.home" value="C:\Program Files\Java\jdk-12.0.1" />
    <property name="work.dir" value="D:\Project\ManangerCoffeeShop" />
    <property name="jna.boot.library.name" value="jnidispatch-440" />
    <property name="javac.test.compilerargs" value="" />
    <property name="libs.PostgreSQLDriver.classpath" value="F:\System\incubating-netbeans-11.0-bin\netbeans\ide\modules\ext\postgresql-42.2.5.jar" />
    <property name="libs.spring-webmvc3.0.javadoc" value="" />
    <property name="libs.JAXB-ENDORSED.src" value="" />
    <property name="manifest.encoding" value="UTF-8" />
    <property name="user.script" value="" />
    <property name="manifest.custom.permissions" value="" />
    <property name="sun.management.compiler" value="HotSpot 64-Bit Tiered Compilers" />
    <property name="libs.spring-framework400.src" value="" />
    <property name="run.test.modulepath" value="" />
    <property name="libs.maven-dependencies.src" value="" />
    <property name="libs.javaee-web-api-6.0.classpath" value="F:\System\incubating-netbeans-11.0-bin\netbeans\enterprise\modules\ext\javaee-web-api-6.0.jar" />
    <property name="libs.jsp-compiler.javadoc" value="" />
    <property name="debug.test.modulepath" value="" />
    <property name="libs.javaee-web-api-7.0.classpath" value="F:\System\incubating-netbeans-11.0-bin\netbeans\enterprise\modules\ext\javaee-web-api-7.0.jar" />
    <property name="file.encoding" value="Cp1252" />
    <property name="java.util.logging.config.class" value="org.netbeans.core.startup.TopLogging" />
    <property name="https.nonProxyHosts" value="localhost|127.0.0.1|NganBee" />
    <property name="libs.restlib.javadoc" value="" />
    <property name="libs.absolutelayout.classpath" value="F:\System\incubating-netbeans-11.0-bin\netbeans\java\modules\ext\AbsoluteLayout.jar" />
    <property name="org.openide.awt.ActionReference.completion" value="org.netbeans.modules.apisupport.project.layers.PathCompletions" />
    <property name="do.archive" value="true" />
    <property name="libs.struts.maven-pom" value="" />
    <property name="built-jar.properties" value="D:\Project\ManangerCoffeeShop\build\built-jar.properties" />
    <property name="nb.native.filechooser" value="false" />
    <property name="file.reference.sqljdbc42.jar-1" value="D:\Hoang Long\sqljdbc4-2.0.jar" />
    <property name="libs.testng.src" value="" />
    <property name="platform.active" value="default_platform" />
    <property name="manifest.file" value="manifest.mf" />
    <property name="sun.io.unicode.encoding" value="UnicodeLittle" />
    <property name="libs.struts.javadoc" value="F:\System\incubating-netbeans-11.0-bin\netbeans\enterprise\docs\struts-1.3.10-javadoc.zip" />
    <property name="default.javac.source" value="12" />
    <property name="sun.desktop" value="windows" />
    <property name="netbeans.dynamic.classpath" value="F:\System\incubating-netbeans-11.0-bin\netbeans\platform\core\asm-all-5.0.1.jar;F:\System\incubating-netbeans-11.0-bin\netbeans\platform\core\core-base.jar;F:\System\incubating-netbeans-11.0-bin\netbeans\platform\core\core.jar;F:\System\incubating-netbeans-11.0-bin\netbeans\platform\core\org-netbeans-libs-asm.jar;F:\System\incubating-netbeans-11.0-bin\netbeans\platform\core\org-openide-filesystems-compat8.jar;F:\System\incubating-netbeans-11.0-bin\netbeans\platform\core\org-openide-filesystems.jar;F:\System\incubating-netbeans-11.0-bin\netbeans\nb\core\org-netbeans-upgrader.jar;F:\System\incubating-netbeans-11.0-bin\netbeans\nb\core\locale\core_nb.jar" />
    <property name="libs.eclipselinkmodelgen.classpath" value="F:\System\incubating-netbeans-11.0-bin\netbeans\java\modules\ext\eclipselink\org.eclipse.persistence.jpa.modelgen.processor-2.5.2.jar" />
    <property name="javac.systemmodulepath.cmd.line.arg" value="" />
    <property name="netbeans.buildnumber" value="incubator-netbeans-release-404-on-20190319" />
    <property name="endorsed.classpath.cmd.line.arg" value="" />
    <property name="libs.jpa20-persistence.maven-pom" value="" />
    <property name="ant.file.QuanLiCafe" value="D:\Project\ManangerCoffeeShop\build.xml" />
    <property name="libs.CopyLibs.maven-pom" value="" />
    <property name="os.name" value="Windows 10" />
    <property name="build.sysclasspath" value="ignore" />
    <property name="jdkBug6558476" value="false" />
    <property name="javadoc.author" value="false" />
    <property name="http.nonProxyHosts" value="localhost|127.0.0.1|NganBee" />
    <property name="main.class" value="dangnhap.quanlicafe" />
    <property name="libs.jsp-compilation-syscp.javadoc" value="" />
    <property name="source.encoding" value="UTF-8" />
    <property name="jar.compress" value="false" />
    <property name="libs.javaee-api-7.0.javadoc" value="F:\System\incubating-netbeans-11.0-bin\netbeans\enterprise\docs\javaee-doc-api.jar" />
    <property name="jnlp.mixed.code" value="default" />
    <property name="libs.jsf20.maven-pom" value="" />
    <property name="java.awt.graphicsenv" value="sun.awt.Win32GraphicsEnvironment" />
    <property name="libs.restlib.classpath" value="F:\System\incubating-netbeans-11.0-bin\netbeans\enterprise\modules\ext\jersey2\ext\asm-all-repackaged-2.2.0-b21.jar;F:\System\incubating-netbeans-11.0-bin\netbeans\enterprise\modules\ext\jersey2\ext\cglib-2.2.0-b21.jar;F:\System\incubating-netbeans-11.0-bin\netbeans\enterprise\modules\ext\jersey2\ext\guava-14.0.1.jar;F:\System\incubating-netbeans-11.0-bin\netbeans\enterprise\modules\ext\jersey2\ext\hk2-api-2.2.0-b21.jar;F:\System\incubating-netbeans-11.0-bin\netbeans\enterprise\modules\ext\jersey2\ext\hk2-locator-2.2.0-b21.jar;F:\System\incubating-netbeans-11.0-bin\netbeans\enterprise\modules\ext\jersey2\ext\hk2-utils-2.2.0-b21.jar;F:\System\incubating-netbeans-11.0-bin\netbeans\enterprise\modules\ext\jersey2\ext\javax.annotation-api-1.2.jar;F:\System\incubating-netbeans-11.0-bin\netbeans\enterprise\modules\ext\jersey2\ext\javax.inject-2.2.0-b21.jar;F:\System\incubating-netbeans-11.0-bin\netbeans\enterprise\modules\ext\jersey2\ext\javax.servlet-api-3.0.1.jar;F:\System\incubating-netbeans-11.0-bin\netbeans\enterprise\modules\ext\jersey2\ext\jaxb-api-2.2.7.jar;F:\System\incubating-netbeans-11.0-bin\netbeans\enterprise\modules\ext\jersey2\ext\jersey-entity-filtering-2.5.1.jar;F:\System\incubating-netbeans-11.0-bin\netbeans\enterprise\modules\ext\jersey2\ext\jersey-media-moxy-2.5.1.jar;F:\System\incubating-netbeans-11.0-bin\netbeans\enterprise\modules\ext\jersey2\ext\org.osgi.core-4.2.0.jar;F:\System\incubating-netbeans-11.0-bin\netbeans\enterprise\modules\ext\jersey2\ext\osgi-resource-locator-1.0.1.jar;F:\System\incubating-netbeans-11.0-bin\netbeans\enterprise\modules\ext\jersey2\ext\persistence-api-1.0.jar;F:\System\incubating-netbeans-11.0-bin\netbeans\enterprise\modules\ext\jersey2\ext\validation-api-1.1.0.Final.jar;F:\System\incubating-netbeans-11.0-bin\netbeans\enterprise\modules\ext\jersey2\jersey-client.jar;F:\System\incubating-netbeans-11.0-bin\netbeans\enterprise\modules\ext\jersey2\jersey-common.jar;F:\System\incubating-netbeans-11.0-bin\netbeans\enterprise\modules\ext\jersey2\jersey-container-servlet.jar;F:\System\incubating-netbeans-11.0-bin\netbeans\enterprise\modules\ext\jersey2\jersey-container-servlet-core.jar;F:\System\incubating-netbeans-11.0-bin\netbeans\enterprise\modules\ext\jersey2\jersey-server.jar" />
    <property name="apple.awt.graphics.UseQuartz" value="true" />
    <property name="run.jvmargs" value="" />
    <property name="libs.primefaces.src" value="" />
    <property name="ant.file" value="D:\Project\ManangerCoffeeShop\build.xml" />
    <property name="libs.struts.src" value="" />
    <property name="path.separator" value=";" />
    <property name="libs.JAXB-ENDORSED.classpath" value="F:\System\incubating-netbeans-11.0-bin\netbeans\ide\modules\ext\jaxb\api\jaxb-api.jar" />
    <property name="libs.restlib.src" value="" />
    <property name="build.test.results.dir" value="build/test/results" />
    <property name="libs.jaxws21.javadoc" value="F:\System\incubating-netbeans-11.0-bin\netbeans\java\docs\jaxws-api-doc.zip" />
    <property name="libs.spring-framework400.maven-pom" value="" />
    <property name="ap.processors.internal" value="" />
    <property name="module.name" value="" />
    <property name="libs.jsf12.classpath" value="F:\System\incubating-netbeans-11.0-bin\netbeans\enterprise\modules\ext\jsf-1_2\jsf-api.jar;F:\System\incubating-netbeans-11.0-bin\netbeans\enterprise\modules\ext\jsf-1_2\jsf-impl.jar" />
    <property name="libs.spring-framework400.javadoc" value="" />
    <property name="libs.hamcrest.javadoc" value="" />
    <property name="libs.javac-api.src" value="" />
    <property name="do.jar" value="true" />
    <property name="java.vm.info" value="mixed mode, sharing" />
    <property name="libs.primefaces.classpath" value="F:\System\incubating-netbeans-11.0-bin\netbeans\enterprise\modules\ext\primefaces\primefaces-5.0.jar" />
    <property name="libs.jaxws21.maven-pom" value="" />
    <property name="run.test.classpath" value="D:\Hoang Long\mssql-jdbc-7.4.1.jre8.jar:D:\Hoang Long\sqljdbc4-2.0.jar:D:\Hoang Long\sqljdbc4-2.0.jar:mssql-jdbc-7.4.1.jre8.jar:build/classes:libs\junit-4.13-rc-1.jar:F:\System\incubating-netbeans-11.0-bin\netbeans\platform\modules\ext\junit-4.12.jar:build/test/classes" />
    <property name="file.reference.sqljdbc42.jar" value="D:\Hoang Long\sqljdbc4-2.0.jar" />
    <property name="dist.jlink.output" value="dist/jlink/QuanLiCafe" />
    <property name="javadoc.encoding.used" value="UTF-8" />
    <property name="java.class.version" value="56.0" />
    <property name="src.dir" value="src" />
    <property name="ant.project.default-target" value="default" />
    <property name="debug.classpath" value="D:\Hoang Long\mssql-jdbc-7.4.1.jre8.jar:D:\Hoang Long\sqljdbc4-2.0.jar:D:\Hoang Long\sqljdbc4-2.0.jar:mssql-jdbc-7.4.1.jre8.jar:build/classes" />
    <property name="excludes" value="" />
    <property name="libs.javaee-api-7.0.src" value="" />
    <property name="libs.junit_4.javadoc" value="F:\System\incubating-netbeans-11.0-bin\netbeans\platform\docs\junit-4.12-javadoc.jar" />
    <property name="sun.jnu.encoding" value="Cp1252" />
    <property name="run.test.jvmargs" value="" />
    <property name="libs.spring-webmvc4.0.src" value="" />
    <property name="jnlp.offline-allowed" value="false" />
    <property name="sun.java2d.dpiaware" value="true" />
    <property name="main.class.available" value="true" />
    <property name="libs.jsf20.javadoc" value="F:\System\incubating-netbeans-11.0-bin\netbeans\enterprise\docs\javaee-doc-api.jar" />
    <property name="jar.archive.disabled" value="false" />
    <property name="netbeans.importclass" value="org.netbeans.upgrade.AutoUpgrade" />
    <property name="netbeans.autoupdate.version" value="1.23" />
    <property name="empty.dir" value="D:\Project\ManangerCoffeeShop\build\empty" />
    <property name="netbeans.user" value="C:\Users\thang\AppData\Roaming\NetBeans\11.0" />
    <property name="javac.includes.binary" value="D:\Project\ManangerCoffeeShop\build\test\classes\DatBanTestCase\Maintest.class" />
    <property name="file.separator" value="\" />
    <property name="line.separator" value="&#xd;&#xa;" />
    <property name="javadoc.additionalparam" value="" />
    <property name="jnlp.signed" value="false" />
    <property name="libs.restlib.maven-pom" value="" />
    <property name="javac.debug" value="true" />
    <property name="libs.testng.classpath" value="F:\System\incubating-netbeans-11.0-bin\netbeans\platform\modules\ext\testng-6.8.1-dist.jar" />
    <property name="libs.jsp-compiler.src" value="" />
    <property name="user.name" value="thang" />
    <property name="build.classes.dir" value="build/classes" />
    <property name="libs.maven-dependencies.javadoc" value="F:\System\incubating-netbeans-11.0-bin\netbeans\enterprise\docs\javaee-doc-api.jar" />
    <property name="file.reference.mssql-jdbc-7.4.1.jre8.jar" value="mssql-jdbc-7.4.1.jre8.jar" />
    <property name="nb.junit.single" value="false" />
    <property name="javadoc.windowtitle" value="" />
    <property name="nb.internal.action.name" value="test.single" />
    <property name="libs.jaxws21.src" value="" />
    <property name="libs.maven-dependencies.classpath" value="F:\System\incubating-netbeans-11.0-bin\netbeans\enterprise\modules\ext\javaee6-endorsed\javax.annotation.jar;F:\System\incubating-netbeans-11.0-bin\netbeans\enterprise\modules\ext\javaee6-endorsed\jaxb-api-osgi.jar;F:\System\incubating-netbeans-11.0-bin\netbeans\enterprise\modules\ext\javaee6-endorsed\webservices-api-osgi.jar" />
    <property name="jna.loaded" value="true" />
    <property name="libs.junit_5.maven-pom" value="" />
    <property name="libs.jpa20-persistence.javadoc" value="" />
    <property name="ant.junit.enabletestlistenerevents" value="true" />
    <property name="libs.JWSAntTasks.src" value="" />
    <property name="libs.spring-webmvc3.0.src" value="" />
    <property name="ant.home" value="F:\System\incubating-netbeans-11.0-bin\netbeans\extide\ant" />
    <property name="have.tests" value="true" />
    <property name="debug.test.classpath" value="D:\Hoang Long\mssql-jdbc-7.4.1.jre8.jar:D:\Hoang Long\sqljdbc4-2.0.jar:D:\Hoang Long\sqljdbc4-2.0.jar:mssql-jdbc-7.4.1.jre8.jar:build/classes:libs\junit-4.13-rc-1.jar:F:\System\incubating-netbeans-11.0-bin\netbeans\platform\modules\ext\junit-4.12.jar:build/test/classes" />
    <property name="javac.external.vm" value="true" />
    <property name="testng.debug.mode" value="" />
    <property name="javac.target" value="12" />
    <property name="jnlp.signing" value="" />
    <property name="ant.version" value="Apache Ant(TM) version 1.10.4 compiled on June 19 2018" />
    <property name="libs.absolutelayout.maven-pom" value="" />
    <property name="jdk.gtk.version" value="2.2" />
    <property name="java.failonerror" value="true" />
    <property name="javac.modulepath" value="" />
    <property name="user.properties.file" value="C:\Users\thang\AppData\Roaming\NetBeans\11.0\build.properties" />
    <property name="libs.javaee-api-6.0.src" value="" />
    <property name="javac.includes" value="DatBanTestCase/Maintest.java" />
    <property name="netbeans.autoupdate.country" value="AU" />
    <property name="java.class.path" value="D:\Project\ManangerCoffeeShop\mssql-jdbc-7.4.1.jre8.jar;D:\Project\ManangerCoffeeShop\build\classes;D:\Project\ManangerCoffeeShop\libs\junit-4.13-rc-1.jar;F:\System\incubating-netbeans-11.0-bin\netbeans\platform\modules\ext\junit-4.12.jar;D:\Project\ManangerCoffeeShop\build\test\classes;F:\System\incubating-netbeans-11.0-bin\netbeans\extide\ant\lib\ant-launcher.jar;F:\System\incubating-netbeans-11.0-bin\netbeans\extide\ant\lib\ant.jar;F:\System\incubating-netbeans-11.0-bin\netbeans\extide\ant\lib\ant-junit.jar;F:\System\incubating-netbeans-11.0-bin\netbeans\extide\ant\lib\ant-junit4.jar" />
    <property name="libs.javaee-web-api-6.0.maven-pom" value="" />
    <property name="java.vm.vendor" value="Oracle Corporation" />
    <property name="ap.supported.internal" value="true" />
    <property name="user.variant" value="" />
    <property name="netbeans.home+have.tests" value="true" />
    <property name="test.binaryexcludes" value="" />
    <property name="javac.compilerargs" value="" />
    <property name="libs.jstl.maven-pom" value="" />
    <property name="sun.cpu.endian" value="little" />
    <property name="libs.junit_4.src" value="F:\System\incubating-netbeans-11.0-bin\netbeans\platform\docs\junit-4.12-sources.jar" />
    <property name="user.language" value="en" />
    <property name="copylibs.rebase" value="true" />
    <property name="libs.javaee-web-api-6.0.src" value="" />
    <property name="javadoc.nonavbar" value="false" />
    <property name="ant.java.version" value="12" />
    <property name="libs.junit_4.classpath" value="F:\System\incubating-netbeans-11.0-bin\netbeans\platform\modules\ext\junit-4.12.jar" />
    <property name="ant.file.QuanLiCafe-impl" value="D:\Project\ManangerCoffeeShop\nbproject\build-impl.xml" />
    <property name="jlink.launcher.name" value="QuanLiCafe" />
    <property name="test.binarytestincludes" value="" />
    <property name="sun.awt.keepWorkingSetOnMinimize" value="true" />
    <property name="libs.junit_4.maven-pom" value="" />
    <property name="runtime.encoding" value="UTF-8" />
    <property name="libs.jsp-compiler.maven-pom" value="" />
    <property name="javac.classpath" value="D:\Hoang Long\mssql-jdbc-7.4.1.jre8.jar:D:\Hoang Long\sqljdbc4-2.0.jar:D:\Hoang Long\sqljdbc4-2.0.jar:mssql-jdbc-7.4.1.jre8.jar" />
    <property name="ant.file.type.QuanLiCafe-impl" value="file" />
    <property name="dist.jlink.dir" value="dist/jlink" />
    <property name="nb.junit.batch" value="true" />
    <property name="build.test.classes.dir" value="build/test/classes" />
    <property name="ant.file.type.QuanLiCafe" value="file" />
    <property name="libs.spring-framework300.maven-pom" value="" />
    <property name="ant.project.invoked-targets" value="test-single" />
    <property name="libs.jstl.classpath" value="F:\System\incubating-netbeans-11.0-bin\netbeans\enterprise\modules\ext\jstl-impl.jar;F:\System\incubating-netbeans-11.0-bin\netbeans\enterprise\modules\ext\jstl-api.jar" />
    <property name="ap.cmd.line.internal" value="" />
    <property name="libs.PostgreSQLDriver.src" value="" />
    <property name="java.vendor.url.bug" value="https://bugreport.java.com/bugreport/" />
    <property name="annotation.processing.source.output" value="build/generated-sources/ap-source-output" />
    <property name="user.dir" value="D:\Project\ManangerCoffeeShop" />
    <property name="platform.java" value="C:\Program Files\Java\jdk-12.0.1/bin/java" />
    <property name="application.args" value="" />
    <property name="org.xml.sax.driver" value="com.sun.org.apache.xerces.internal.jaxp.SAXParserImpl$JAXPSAXParser" />
    <property name="libs.eclipselink.src" value="" />
    <property name="java.vm.version" value="12.0.1+12" />
    <property name="manifest.custom.codebase" value="" />
    <property name="libs.metro.javadoc" value="F:\System\incubating-netbeans-11.0-bin\netbeans\enterprise\docs\webservices-api-javadoc.jar;F:\System\incubating-netbeans-11.0-bin\netbeans\enterprise\docs\webservices-extra-javadoc.jar;F:\System\incubating-netbeans-11.0-bin\netbeans\enterprise\docs\webservices-extra-api-javadoc.jar;F:\System\incubating-netbeans-11.0-bin\netbeans\enterprise\docs\webservices-rt-javadoc.jar;F:\System\incubating-netbeans-11.0-bin\netbeans\enterprise\docs\webservices-tools-javadoc.jar" />
    <property name="test.class" value="DatBanTestCase.Maintest" />
    <property name="sun.awt.datatransfer.timeout" value="1000" />
    <property name="junit.forkmode" value="perTest" />
    <property name="annotation.processing.run.all.processors" value="true" />
    <property name="libs.javaee-web-api-7.0.src" value="" />
    <property name="libs.jsp-compiler.classpath" value="F:\System\incubating-netbeans-11.0-bin\netbeans\enterprise\ant\extra\jspcompile.jar" />
  </properties>
  <testcase classname="DatBanTestCase.Maintest" name="initializationError" time="0.007">
    <error message="org/hamcrest/SelfDescribing" type="java.lang.NoClassDefFoundError">java.lang.NoClassDefFoundError: org/hamcrest/SelfDescribing
	at java.base/java.lang.ClassLoader.defineClass1(Native Method)
	at java.base/java.lang.ClassLoader.defineClass(ClassLoader.java:1016)
	at java.base/java.security.SecureClassLoader.defineClass(SecureClassLoader.java:151)
	at java.base/jdk.internal.loader.BuiltinClassLoader.defineClass(BuiltinClassLoader.java:802)
	at java.base/jdk.internal.loader.BuiltinClassLoader.findClassOnClassPathOrNull(BuiltinClassLoader.java:700)
	at java.base/jdk.internal.loader.BuiltinClassLoader.loadClassOrNull(BuiltinClassLoader.java:623)
	at java.base/jdk.internal.loader.BuiltinClassLoader.loadClass(BuiltinClassLoader.java:581)
	at java.base/jdk.internal.loader.ClassLoaders$AppClassLoader.loadClass(ClassLoaders.java:178)
	at java.base/java.lang.ClassLoader.loadClass(ClassLoader.java:521)
	at java.base/jdk.internal.reflect.NativeConstructorAccessorImpl.newInstance0(Native Method)
	at java.base/jdk.internal.reflect.NativeConstructorAccessorImpl.newInstance(NativeConstructorAccessorImpl.java:62)
	at java.base/jdk.internal.reflect.DelegatingConstructorAccessorImpl.newInstance(DelegatingConstructorAccessorImpl.java:45)
	at java.base/java.lang.reflect.Constructor.newInstanceWithCaller(Constructor.java:500)
	at java.base/java.lang.reflect.Constructor.newInstance(Constructor.java:481)
Caused by: java.lang.ClassNotFoundException: org.hamcrest.SelfDescribing
	at java.base/jdk.internal.loader.BuiltinClassLoader.loadClass(BuiltinClassLoader.java:583)
	at java.base/jdk.internal.loader.ClassLoaders$AppClassLoader.loadClass(ClassLoaders.java:178)
	at java.base/java.lang.ClassLoader.loadClass(ClassLoader.java:521)
</error>
  </testcase>
  <system-out><![CDATA[]]></system-out>
  <system-err><![CDATA[]]></system-err>
</testsuite>
